<?xml version="1.0" encoding="UTF-8"?>
<!-- Generated by org.testng.reporters.JUnitReportReporter -->
<testsuite skipped="1" hostname="SBMAC0261.local" name="com.qa.testcases.RegistrationPageTest" tests="1" failures="0" timestamp="23 Jan 2019 08:53:17 GMT" time="0.000" errors="0">
  <testcase name="ResgistrationTest" time="0.000" classname="com.qa.testcases.RegistrationPageTest">
    <skipped/>
  </testcase> <!-- ResgistrationTest -->
</testsuite> <!-- com.qa.testcases.RegistrationPageTest -->
